# JRE version: Java(TM) SE Runtime Environment (7.0_55-b13) (build 1.7.0_55-b13)
# Java VM: Java HotSpot(TM) 64-Bit Server VM (24.55-b03 mixed mode windows-amd64 compressed oops)
Heap
 PSYoungGen      total 1240576K, used 731421K [0x00000007aaa80000, 0x00000007f9580000, 0x0000000800000000)
  eden space 1238016K, 58% used [0x00000007aaa80000,0x00000007d7297560,0x00000007f6380000)
  from space 2560K, 87% used [0x00000007f8a00000,0x00000007f8c30000,0x00000007f8c80000)
  to   space 6656K, 0% used [0x00000007f8f00000,0x00000007f8f00000,0x00000007f9580000)
 ParOldGen       total 2097152K, used 1006909K [0x0000000700000000, 0x0000000780000000, 0x00000007aaa80000)
  object space 2097152K, 48% used [0x0000000700000000,0x000000073d74f748,0x0000000780000000)
 PSPermGen       total 155648K, used 100401K [0x00000006f0000000, 0x00000006f9800000, 0x0000000700000000)
  object space 155648K, 64% used [0x00000006f0000000,0x00000006f620c570,0x00000006f9800000)
GC Heap History (10 events):
Event: 1391.086 GC heap before
{Heap before GC invocations=141 (full 8):
 PSYoungGen      total 1153024K, used 1152544K [0x00000007aaa80000, 0x00000007fa500000, 0x0000000800000000)
  eden space 1150464K, 100% used [0x00000007aaa80000,0x00000007f0e00000,0x00000007f0e00000)
  from space 2560K, 81% used [0x00000007fa280000,0x00000007fa488000,0x00000007fa500000)
  to   space 8192K, 0% used [0x00000007f9500000,0x00000007f9500000,0x00000007f9d00000)
 ParOldGen       total 2097152K, used 998053K [0x0000000700000000, 0x0000000780000000, 0x00000007aaa80000)
  object space 2097152K, 47% used [0x0000000700000000,0x000000073cea9748,0x0000000780000000)
 PSPermGen       total 155648K, used 100388K [0x00000006f0000000, 0x00000006f9800000, 0x0000000700000000)
  object space 155648K, 64% used [0x00000006f0000000,0x00000006f6209178,0x00000006f9800000)
Event: 1391.106 GC heap after
Heap after GC invocations=141 (full 8):
 PSYoungGen      total 1118720K, used 2048K [0x00000007aaa80000, 0x00000007fa300000, 0x0000000800000000)
  eden space 1116672K, 0% used [0x00000007aaa80000,0x00000007aaa80000,0x00000007eed00000)
  from space 2048K, 100% used [0x00000007f9500000,0x00000007f9700000,0x00000007f9700000)
  to   space 7680K, 0% used [0x00000007f9b80000,0x00000007f9b80000,0x00000007fa300000)
 ParOldGen       total 2097152K, used 999925K [0x0000000700000000, 0x0000000780000000, 0x00000007aaa80000)
  object space 2097152K, 47% used [0x0000000700000000,0x000000073d07d748,0x0000000780000000)
 PSPermGen       total 155648K, used 100388K [0x00000006f0000000, 0x00000006f9800000, 0x0000000700000000)
  object space 155648K, 64% used [0x00000006f0000000,0x00000006f6209178,0x00000006f9800000)
}
Event: 1401.326 GC heap before
{Heap before GC invocations=142 (full 8):
 PSYoungGen      total 1118720K, used 1118720K [0x00000007aaa80000, 0x00000007fa300000, 0x0000000800000000)
  eden space 1116672K, 100% used [0x00000007aaa80000,0x00000007eed00000,0x00000007eed00000)
  from space 2048K, 100% used [0x00000007f9500000,0x00000007f9700000,0x00000007f9700000)
  to   space 7680K, 0% used [0x00000007f9b80000,0x00000007f9b80000,0x00000007fa300000)
 ParOldGen       total 2097152K, used 999925K [0x0000000700000000, 0x0000000780000000, 0x00000007aaa80000)
  object space 2097152K, 47% used [0x0000000700000000,0x000000073d07d748,0x0000000780000000)
 PSPermGen       total 155648K, used 100388K [0x00000006f0000000, 0x00000006f9800000, 0x0000000700000000)
  object space 155648K, 64% used [0x00000006f0000000,0x00000006f6209178,0x00000006f9800000)
Event: 1401.348 GC heap after
Heap after GC invocations=142 (full 8):
 PSYoungGen      total 1086464K, used 1984K [0x00000007aaa80000, 0x00000007f9d80000, 0x0000000800000000)
  eden space 1084416K, 0% used [0x00000007aaa80000,0x00000007aaa80000,0x00000007ecd80000)
  from space 2048K, 96% used [0x00000007f9b80000,0x00000007f9d70000,0x00000007f9d80000)
  to   space 7680K, 0% used [0x00000007f8e80000,0x00000007f8e80000,0x00000007f9600000)
 ParOldGen       total 2097152K, used 1001757K [0x0000000700000000, 0x0000000780000000, 0x00000007aaa80000)
  object space 2097152K, 47% used [0x0000000700000000,0x000000073d247748,0x0000000780000000)
 PSPermGen       total 155648K, used 100388K [0x00000006f0000000, 0x00000006f9800000, 0x0000000700000000)
  object space 155648K, 64% used [0x00000006f0000000,0x00000006f6209178,0x00000006f9800000)
}
Event: 1411.183 GC heap before
{Heap before GC invocations=143 (full 8):
 PSYoungGen      total 1086464K, used 1086400K [0x00000007aaa80000, 0x00000007f9d80000, 0x0000000800000000)
  eden space 1084416K, 100% used [0x00000007aaa80000,0x00000007ecd80000,0x00000007ecd80000)
  from space 2048K, 96% used [0x00000007f9b80000,0x00000007f9d70000,0x00000007f9d80000)
  to   space 7680K, 0% used [0x00000007f8e80000,0x00000007f8e80000,0x00000007f9600000)
 ParOldGen       total 2097152K, used 1001757K [0x0000000700000000, 0x0000000780000000, 0x00000007aaa80000)
  object space 2097152K, 47% used [0x0000000700000000,0x000000073d247748,0x0000000780000000)
 PSPermGen       total 155648K, used 100388K [0x00000006f0000000, 0x00000006f9800000, 0x0000000700000000)
  object space 155648K, 64% used [0x00000006f0000000,0x00000006f6209178,0x00000006f9800000)
Event: 1411.203 GC heap after
Heap after GC invocations=143 (full 8):
 PSYoungGen      total 1055232K, used 1920K [0x00000007aaa80000, 0x00000007f9c00000, 0x0000000800000000)
  eden space 1053184K, 0% used [0x00000007aaa80000,0x00000007aaa80000,0x00000007eaf00000)
  from space 2048K, 93% used [0x00000007f8e80000,0x00000007f9060000,0x00000007f9080000)
  to   space 7168K, 0% used [0x00000007f9500000,0x00000007f9500000,0x00000007f9c00000)
 ParOldGen       total 2097152K, used 1003525K [0x0000000700000000, 0x0000000780000000, 0x00000007aaa80000)
  object space 2097152K, 47% used [0x0000000700000000,0x000000073d401748,0x0000000780000000)
 PSPermGen       total 155648K, used 100388K [0x00000006f0000000, 0x00000006f9800000, 0x0000000700000000)
  object space 155648K, 64% used [0x00000006f0000000,0x00000006f6209178,0x00000006f9800000)
}
Event: 1420.730 GC heap before
{Heap before GC invocations=144 (full 8):
 PSYoungGen      total 1055232K, used 1055104K [0x00000007aaa80000, 0x00000007f9c00000, 0x0000000800000000)
  eden space 1053184K, 100% used [0x00000007aaa80000,0x00000007eaf00000,0x00000007eaf00000)
  from space 2048K, 93% used [0x00000007f8e80000,0x00000007f9060000,0x00000007f9080000)
  to   space 7168K, 0% used [0x00000007f9500000,0x00000007f9500000,0x00000007f9c00000)
 ParOldGen       total 2097152K, used 1003525K [0x0000000700000000, 0x0000000780000000, 0x00000007aaa80000)
  object space 2097152K, 47% used [0x0000000700000000,0x000000073d401748,0x0000000780000000)
 PSPermGen       total 155648K, used 100388K [0x00000006f0000000, 0x00000006f9800000, 0x0000000700000000)
  object space 155648K, 64% used [0x00000006f0000000,0x00000006f6209178,0x00000006f9800000)
Event: 1420.753 GC heap after
Heap after GC invocations=144 (full 8):
 PSYoungGen      total 1279488K, used 1856K [0x00000007aaa80000, 0x00000007f9700000, 0x0000000800000000)
  eden space 1277440K, 0% used [0x00000007aaa80000,0x00000007aaa80000,0x00000007f8a00000)
  from space 2048K, 90% used [0x00000007f9500000,0x00000007f96d0000,0x00000007f9700000)
  to   space 6656K, 0% used [0x00000007f8a00000,0x00000007f8a00000,0x00000007f9080000)
 ParOldGen       total 2097152K, used 1005237K [0x0000000700000000, 0x0000000780000000, 0x00000007aaa80000)
  object space 2097152K, 47% used [0x0000000700000000,0x000000073d5ad748,0x0000000780000000)
 PSPermGen       total 155648K, used 100388K [0x00000006f0000000, 0x00000006f9800000, 0x0000000700000000)
  object space 155648K, 64% used [0x00000006f0000000,0x00000006f6209178,0x00000006f9800000)
}
Event: 1432.376 GC heap before
{Heap before GC invocations=145 (full 8):
 PSYoungGen      total 1279488K, used 1279296K [0x00000007aaa80000, 0x00000007f9700000, 0x0000000800000000)
  eden space 1277440K, 100% used [0x00000007aaa80000,0x00000007f8a00000,0x00000007f8a00000)
  from space 2048K, 90% used [0x00000007f9500000,0x00000007f96d0000,0x00000007f9700000)
  to   space 6656K, 0% used [0x00000007f8a00000,0x00000007f8a00000,0x00000007f9080000)
 ParOldGen       total 2097152K, used 1005237K [0x0000000700000000, 0x0000000780000000, 0x00000007aaa80000)
  object space 2097152K, 47% used [0x0000000700000000,0x000000073d5ad748,0x0000000780000000)
 PSPermGen       total 155648K, used 100388K [0x00000006f0000000, 0x00000006f9800000, 0x0000000700000000)
  object space 155648K, 64% used [0x00000006f0000000,0x00000006f6209178,0x00000006f9800000)
Event: 1432.399 GC heap after
Heap after GC invocations=145 (full 8):
 PSYoungGen      total 1240576K, used 2240K [0x00000007aaa80000, 0x00000007f9580000, 0x0000000800000000)
  eden space 1238016K, 0% used [0x00000007aaa80000,0x00000007aaa80000,0x00000007f6380000)
  from space 2560K, 87% used [0x00000007f8a00000,0x00000007f8c30000,0x00000007f8c80000)
  to   space 6656K, 0% used [0x00000007f8f00000,0x00000007f8f00000,0x00000007f9580000)
 ParOldGen       total 2097152K, used 1006909K [0x0000000700000000, 0x0000000780000000, 0x00000007aaa80000)
  object space 2097152K, 48% used [0x0000000700000000,0x000000073d74f748,0x0000000780000000)
 PSPermGen       total 155648K, used 100388K [0x00000006f0000000, 0x00000006f9800000, 0x0000000700000000)
  object space 155648K, 64% used [0x00000006f0000000,0x00000006f6209178,0x00000006f9800000)
}

