# JRE version: Java(TM) SE Runtime Environment (7.0_55-b13) (build 1.7.0_55-b13)
# Java VM: Java HotSpot(TM) 64-Bit Server VM (24.55-b03 mixed mode windows-amd64 compressed oops)
Heap
 PSYoungGen      total 1046016K, used 859251K [0x00000007aaa80000, 0x00000007eaa80000, 0x0000000800000000)
  eden space 1043456K, 82% used [0x00000007aaa80000,0x00000007def54e38,0x00000007ea580000)
  from space 2560K, 91% used [0x00000007ea800000,0x00000007eaa48000,0x00000007eaa80000)
  to   space 2560K, 0% used [0x00000007ea580000,0x00000007ea580000,0x00000007ea800000)
 ParOldGen       total 2097152K, used 956314K [0x0000000700000000, 0x0000000780000000, 0x00000007aaa80000)
  object space 2097152K, 45% used [0x0000000700000000,0x000000073a5e6990,0x0000000780000000)
 PSPermGen       total 177152K, used 99540K [0x00000006f0000000, 0x00000006fad00000, 0x0000000700000000)
  object space 177152K, 56% used [0x00000006f0000000,0x00000006f61353d8,0x00000006fad00000)
GC Heap History (10 events):
Event: 1434.493 GC heap before
{Heap before GC invocations=219 (full 3):
 PSYoungGen      total 1045504K, used 1044704K [0x00000007aaa80000, 0x00000007eaa80000, 0x0000000800000000)
  eden space 1042432K, 100% used [0x00000007aaa80000,0x00000007ea480000,0x00000007ea480000)
  from space 3072K, 73% used [0x00000007ea480000,0x00000007ea6b8000,0x00000007ea780000)
  to   space 2560K, 0% used [0x00000007ea800000,0x00000007ea800000,0x00000007eaa80000)
 ParOldGen       total 2097152K, used 947978K [0x0000000700000000, 0x0000000780000000, 0x00000007aaa80000)
  object space 2097152K, 45% used [0x0000000700000000,0x0000000739dc2990,0x0000000780000000)
 PSPermGen       total 177152K, used 99540K [0x00000006f0000000, 0x00000006fad00000, 0x0000000700000000)
  object space 177152K, 56% used [0x00000006f0000000,0x00000006f61353d8,0x00000006fad00000)
Event: 1434.511 GC heap after
Heap after GC invocations=219 (full 3):
 PSYoungGen      total 1046016K, used 2368K [0x00000007aaa80000, 0x00000007eaa80000, 0x0000000800000000)
  eden space 1043456K, 0% used [0x00000007aaa80000,0x00000007aaa80000,0x00000007ea580000)
  from space 2560K, 92% used [0x00000007ea800000,0x00000007eaa50000,0x00000007eaa80000)
  to   space 2560K, 0% used [0x00000007ea580000,0x00000007ea580000,0x00000007ea800000)
 ParOldGen       total 2097152K, used 949658K [0x0000000700000000, 0x0000000780000000, 0x00000007aaa80000)
  object space 2097152K, 45% used [0x0000000700000000,0x0000000739f66990,0x0000000780000000)
 PSPermGen       total 177152K, used 99540K [0x00000006f0000000, 0x00000006fad00000, 0x0000000700000000)
  object space 177152K, 56% used [0x00000006f0000000,0x00000006f61353d8,0x00000006fad00000)
}
Event: 1441.413 GC heap before
{Heap before GC invocations=220 (full 3):
 PSYoungGen      total 1046016K, used 1045824K [0x00000007aaa80000, 0x00000007eaa80000, 0x0000000800000000)
  eden space 1043456K, 100% used [0x00000007aaa80000,0x00000007ea580000,0x00000007ea580000)
  from space 2560K, 92% used [0x00000007ea800000,0x00000007eaa50000,0x00000007eaa80000)
  to   space 2560K, 0% used [0x00000007ea580000,0x00000007ea580000,0x00000007ea800000)
 ParOldGen       total 2097152K, used 949658K [0x0000000700000000, 0x0000000780000000, 0x00000007aaa80000)
  object space 2097152K, 45% used [0x0000000700000000,0x0000000739f66990,0x0000000780000000)
 PSPermGen       total 177152K, used 99540K [0x00000006f0000000, 0x00000006fad00000, 0x0000000700000000)
  object space 177152K, 56% used [0x00000006f0000000,0x00000006f61353d8,0x00000006fad00000)
Event: 1441.435 GC heap after
Heap after GC invocations=220 (full 3):
 PSYoungGen      total 1046016K, used 2368K [0x00000007aaa80000, 0x00000007eaa80000, 0x0000000800000000)
  eden space 1043456K, 0% used [0x00000007aaa80000,0x00000007aaa80000,0x00000007ea580000)
  from space 2560K, 92% used [0x00000007ea580000,0x00000007ea7d0000,0x00000007ea800000)
  to   space 2560K, 0% used [0x00000007ea800000,0x00000007ea800000,0x00000007eaa80000)
 ParOldGen       total 2097152K, used 951330K [0x0000000700000000, 0x0000000780000000, 0x00000007aaa80000)
  object space 2097152K, 45% used [0x0000000700000000,0x000000073a108990,0x0000000780000000)
 PSPermGen       total 177152K, used 99540K [0x00000006f0000000, 0x00000006fad00000, 0x0000000700000000)
  object space 177152K, 56% used [0x00000006f0000000,0x00000006f61353d8,0x00000006fad00000)
}
Event: 1449.294 GC heap before
{Heap before GC invocations=221 (full 3):
 PSYoungGen      total 1046016K, used 1045824K [0x00000007aaa80000, 0x00000007eaa80000, 0x0000000800000000)
  eden space 1043456K, 100% used [0x00000007aaa80000,0x00000007ea580000,0x00000007ea580000)
  from space 2560K, 92% used [0x00000007ea580000,0x00000007ea7d0000,0x00000007ea800000)
  to   space 2560K, 0% used [0x00000007ea800000,0x00000007ea800000,0x00000007eaa80000)
 ParOldGen       total 2097152K, used 951330K [0x0000000700000000, 0x0000000780000000, 0x00000007aaa80000)
  object space 2097152K, 45% used [0x0000000700000000,0x000000073a108990,0x0000000780000000)
 PSPermGen       total 177152K, used 99540K [0x00000006f0000000, 0x00000006fad00000, 0x0000000700000000)
  object space 177152K, 56% used [0x00000006f0000000,0x00000006f61353d8,0x00000006fad00000)
Event: 1449.311 GC heap after
Heap after GC invocations=221 (full 3):
 PSYoungGen      total 1046016K, used 2336K [0x00000007aaa80000, 0x00000007eaa80000, 0x0000000800000000)
  eden space 1043456K, 0% used [0x00000007aaa80000,0x00000007aaa80000,0x00000007ea580000)
  from space 2560K, 91% used [0x00000007ea800000,0x00000007eaa48000,0x00000007eaa80000)
  to   space 2560K, 0% used [0x00000007ea580000,0x00000007ea580000,0x00000007ea800000)
 ParOldGen       total 2097152K, used 953010K [0x0000000700000000, 0x0000000780000000, 0x00000007aaa80000)
  object space 2097152K, 45% used [0x0000000700000000,0x000000073a2ac990,0x0000000780000000)
 PSPermGen       total 177152K, used 99540K [0x00000006f0000000, 0x00000006fad00000, 0x0000000700000000)
  object space 177152K, 56% used [0x00000006f0000000,0x00000006f61353d8,0x00000006fad00000)
}
Event: 1456.296 GC heap before
{Heap before GC invocations=222 (full 3):
 PSYoungGen      total 1046016K, used 1045792K [0x00000007aaa80000, 0x00000007eaa80000, 0x0000000800000000)
  eden space 1043456K, 100% used [0x00000007aaa80000,0x00000007ea580000,0x00000007ea580000)
  from space 2560K, 91% used [0x00000007ea800000,0x00000007eaa48000,0x00000007eaa80000)
  to   space 2560K, 0% used [0x00000007ea580000,0x00000007ea580000,0x00000007ea800000)
 ParOldGen       total 2097152K, used 953010K [0x0000000700000000, 0x0000000780000000, 0x00000007aaa80000)
  object space 2097152K, 45% used [0x0000000700000000,0x000000073a2ac990,0x0000000780000000)
 PSPermGen       total 177152K, used 99540K [0x00000006f0000000, 0x00000006fad00000, 0x0000000700000000)
  object space 177152K, 56% used [0x00000006f0000000,0x00000006f61353d8,0x00000006fad00000)
Event: 1456.314 GC heap after
Heap after GC invocations=222 (full 3):
 PSYoungGen      total 1046016K, used 2336K [0x00000007aaa80000, 0x00000007eaa80000, 0x0000000800000000)
  eden space 1043456K, 0% used [0x00000007aaa80000,0x00000007aaa80000,0x00000007ea580000)
  from space 2560K, 91% used [0x00000007ea580000,0x00000007ea7c8000,0x00000007ea800000)
  to   space 2560K, 0% used [0x00000007ea800000,0x00000007ea800000,0x00000007eaa80000)
 ParOldGen       total 2097152K, used 954666K [0x0000000700000000, 0x0000000780000000, 0x00000007aaa80000)
  object space 2097152K, 45% used [0x0000000700000000,0x000000073a44a990,0x0000000780000000)
 PSPermGen       total 177152K, used 99540K [0x00000006f0000000, 0x00000006fad00000, 0x0000000700000000)
  object space 177152K, 56% used [0x00000006f0000000,0x00000006f61353d8,0x00000006fad00000)
}
Event: 1463.626 GC heap before
{Heap before GC invocations=223 (full 3):
 PSYoungGen      total 1046016K, used 1045792K [0x00000007aaa80000, 0x00000007eaa80000, 0x0000000800000000)
  eden space 1043456K, 100% used [0x00000007aaa80000,0x00000007ea580000,0x00000007ea580000)
  from space 2560K, 91% used [0x00000007ea580000,0x00000007ea7c8000,0x00000007ea800000)
  to   space 2560K, 0% used [0x00000007ea800000,0x00000007ea800000,0x00000007eaa80000)
 ParOldGen       total 2097152K, used 954666K [0x0000000700000000, 0x0000000780000000, 0x00000007aaa80000)
  object space 2097152K, 45% used [0x0000000700000000,0x000000073a44a990,0x0000000780000000)
 PSPermGen       total 177152K, used 99540K [0x00000006f0000000, 0x00000006fad00000, 0x0000000700000000)
  object space 177152K, 56% used [0x00000006f0000000,0x00000006f61353d8,0x00000006fad00000)
Event: 1463.643 GC heap after
Heap after GC invocations=223 (full 3):
 PSYoungGen      total 1046016K, used 2336K [0x00000007aaa80000, 0x00000007eaa80000, 0x0000000800000000)
  eden space 1043456K, 0% used [0x00000007aaa80000,0x00000007aaa80000,0x00000007ea580000)
  from space 2560K, 91% used [0x00000007ea800000,0x00000007eaa48000,0x00000007eaa80000)
  to   space 2560K, 0% used [0x00000007ea580000,0x00000007ea580000,0x00000007ea800000)
 ParOldGen       total 2097152K, used 956314K [0x0000000700000000, 0x0000000780000000, 0x00000007aaa80000)
  object space 2097152K, 45% used [0x0000000700000000,0x000000073a5e6990,0x0000000780000000)
 PSPermGen       total 177152K, used 99540K [0x00000006f0000000, 0x00000006fad00000, 0x0000000700000000)
  object space 177152K, 56% used [0x00000006f0000000,0x00000006f61353d8,0x00000006fad00000)
}

