# JRE version: Java(TM) SE Runtime Environment (7.0_55-b13) (build 1.7.0_55-b13)
# Java VM: Java HotSpot(TM) 64-Bit Server VM (24.55-b03 mixed mode windows-amd64 compressed oops)
Heap
 PSYoungGen      total 1042944K, used 127658K [0x00000007aaa80000, 0x00000007eaa80000, 0x0000000800000000)
  eden space 1037312K, 12% used [0x00000007aaa80000,0x00000007b24a2b18,0x00000007e9f80000)
  from space 5632K, 46% used [0x00000007e9f80000,0x00000007ea208000,0x00000007ea500000)
  to   space 5632K, 0% used [0x00000007ea500000,0x00000007ea500000,0x00000007eaa80000)
 ParOldGen       total 2097152K, used 1463744K [0x0000000700000000, 0x0000000780000000, 0x00000007aaa80000)
  object space 2097152K, 69% used [0x0000000700000000,0x0000000759570188,0x0000000780000000)
 PSPermGen       total 179200K, used 105069K [0x00000006f0000000, 0x00000006faf00000, 0x0000000700000000)
  object space 179200K, 58% used [0x00000006f0000000,0x00000006f669b4d0,0x00000006faf00000)
GC Heap History (10 events):
Event: 3677.923 GC heap before
{Heap before GC invocations=425 (full 4):
 PSYoungGen      total 1043456K, used 1040704K [0x00000007aaa80000, 0x00000007eaa80000, 0x0000000800000000)
  eden space 1038336K, 100% used [0x00000007aaa80000,0x00000007ea080000,0x00000007ea080000)
  from space 5120K, 46% used [0x00000007ea580000,0x00000007ea7d0000,0x00000007eaa80000)
  to   space 5120K, 0% used [0x00000007ea080000,0x00000007ea080000,0x00000007ea580000)
 ParOldGen       total 2097152K, used 1457071K [0x0000000700000000, 0x0000000780000000, 0x00000007aaa80000)
  object space 2097152K, 69% used [0x0000000700000000,0x0000000758eebfc8,0x0000000780000000)
 PSPermGen       total 179200K, used 105069K [0x00000006f0000000, 0x00000006faf00000, 0x0000000700000000)
  object space 179200K, 58% used [0x00000006f0000000,0x00000006f669b4d0,0x00000006faf00000)
Event: 3677.942 GC heap after
Heap after GC invocations=425 (full 4):
 PSYoungGen      total 1043456K, used 2208K [0x00000007aaa80000, 0x00000007eaa80000, 0x0000000800000000)
  eden space 1038336K, 0% used [0x00000007aaa80000,0x00000007aaa80000,0x00000007ea080000)
  from space 5120K, 43% used [0x00000007ea080000,0x00000007ea2a8000,0x00000007ea580000)
  to   space 4608K, 0% used [0x00000007ea600000,0x00000007ea600000,0x00000007eaa80000)
 ParOldGen       total 2097152K, used 1457743K [0x0000000700000000, 0x0000000780000000, 0x00000007aaa80000)
  object space 2097152K, 69% used [0x0000000700000000,0x0000000758f93fc8,0x0000000780000000)
 PSPermGen       total 179200K, used 105069K [0x00000006f0000000, 0x00000006faf00000, 0x0000000700000000)
  object space 179200K, 58% used [0x00000006f0000000,0x00000006f669b4d0,0x00000006faf00000)
}
Event: 3688.450 GC heap before
{Heap before GC invocations=426 (full 4):
 PSYoungGen      total 1043456K, used 1040544K [0x00000007aaa80000, 0x00000007eaa80000, 0x0000000800000000)
  eden space 1038336K, 100% used [0x00000007aaa80000,0x00000007ea080000,0x00000007ea080000)
  from space 5120K, 43% used [0x00000007ea080000,0x00000007ea2a8000,0x00000007ea580000)
  to   space 4608K, 0% used [0x00000007ea600000,0x00000007ea600000,0x00000007eaa80000)
 ParOldGen       total 2097152K, used 1457743K [0x0000000700000000, 0x0000000780000000, 0x00000007aaa80000)
  object space 2097152K, 69% used [0x0000000700000000,0x0000000758f93fc8,0x0000000780000000)
 PSPermGen       total 179200K, used 105069K [0x00000006f0000000, 0x00000006faf00000, 0x0000000700000000)
  object space 179200K, 58% used [0x00000006f0000000,0x00000006f669b4d0,0x00000006faf00000)
Event: 3688.466 GC heap after
Heap after GC invocations=426 (full 4):
 PSYoungGen      total 1043968K, used 2464K [0x00000007aaa80000, 0x00000007eaa80000, 0x0000000800000000)
  eden space 1039360K, 0% used [0x00000007aaa80000,0x00000007aaa80000,0x00000007ea180000)
  from space 4608K, 53% used [0x00000007ea600000,0x00000007ea868000,0x00000007eaa80000)
  to   space 4608K, 0% used [0x00000007ea180000,0x00000007ea180000,0x00000007ea600000)
 ParOldGen       total 2097152K, used 1458377K [0x0000000700000000, 0x0000000780000000, 0x00000007aaa80000)
  object space 2097152K, 69% used [0x0000000700000000,0x0000000759032468,0x0000000780000000)
 PSPermGen       total 179200K, used 105069K [0x00000006f0000000, 0x00000006faf00000, 0x0000000700000000)
  object space 179200K, 58% used [0x00000006f0000000,0x00000006f669b4d0,0x00000006faf00000)
}
Event: 3698.775 GC heap before
{Heap before GC invocations=427 (full 4):
 PSYoungGen      total 1043968K, used 1041824K [0x00000007aaa80000, 0x00000007eaa80000, 0x0000000800000000)
  eden space 1039360K, 100% used [0x00000007aaa80000,0x00000007ea180000,0x00000007ea180000)
  from space 4608K, 53% used [0x00000007ea600000,0x00000007ea868000,0x00000007eaa80000)
  to   space 4608K, 0% used [0x00000007ea180000,0x00000007ea180000,0x00000007ea600000)
 ParOldGen       total 2097152K, used 1458377K [0x0000000700000000, 0x0000000780000000, 0x00000007aaa80000)
  object space 2097152K, 69% used [0x0000000700000000,0x0000000759032468,0x0000000780000000)
 PSPermGen       total 179200K, used 105069K [0x00000006f0000000, 0x00000006faf00000, 0x0000000700000000)
  object space 179200K, 58% used [0x00000006f0000000,0x00000006f669b4d0,0x00000006faf00000)
Event: 3698.789 GC heap after
Heap after GC invocations=427 (full 4):
 PSYoungGen      total 1043968K, used 2688K [0x00000007aaa80000, 0x00000007eaa80000, 0x0000000800000000)
  eden space 1039360K, 0% used [0x00000007aaa80000,0x00000007aaa80000,0x00000007ea180000)
  from space 4608K, 58% used [0x00000007ea180000,0x00000007ea420000,0x00000007ea600000)
  to   space 4608K, 0% used [0x00000007ea600000,0x00000007ea600000,0x00000007eaa80000)
 ParOldGen       total 2097152K, used 1459020K [0x0000000700000000, 0x0000000780000000, 0x00000007aaa80000)
  object space 2097152K, 69% used [0x0000000700000000,0x00000007590d3078,0x0000000780000000)
 PSPermGen       total 179200K, used 105069K [0x00000006f0000000, 0x00000006faf00000, 0x0000000700000000)
  object space 179200K, 58% used [0x00000006f0000000,0x00000006f669b4d0,0x00000006faf00000)
}
Event: 3709.166 GC heap before
{Heap before GC invocations=428 (full 4):
 PSYoungGen      total 1043968K, used 1042048K [0x00000007aaa80000, 0x00000007eaa80000, 0x0000000800000000)
  eden space 1039360K, 100% used [0x00000007aaa80000,0x00000007ea180000,0x00000007ea180000)
  from space 4608K, 58% used [0x00000007ea180000,0x00000007ea420000,0x00000007ea600000)
  to   space 4608K, 0% used [0x00000007ea600000,0x00000007ea600000,0x00000007eaa80000)
 ParOldGen       total 2097152K, used 1459020K [0x0000000700000000, 0x0000000780000000, 0x00000007aaa80000)
  object space 2097152K, 69% used [0x0000000700000000,0x00000007590d3078,0x0000000780000000)
 PSPermGen       total 179200K, used 105069K [0x00000006f0000000, 0x00000006faf00000, 0x0000000700000000)
  object space 179200K, 58% used [0x00000006f0000000,0x00000006f669b4d0,0x00000006faf00000)
Event: 3709.194 GC heap after
Heap after GC invocations=428 (full 4):
 PSYoungGen      total 1041920K, used 4608K [0x00000007aaa80000, 0x00000007eaa80000, 0x0000000800000000)
  eden space 1037312K, 0% used [0x00000007aaa80000,0x00000007aaa80000,0x00000007e9f80000)
  from space 4608K, 100% used [0x00000007ea600000,0x00000007eaa80000,0x00000007eaa80000)
  to   space 5632K, 0% used [0x00000007e9f80000,0x00000007e9f80000,0x00000007ea500000)
 ParOldGen       total 2097152K, used 1460693K [0x0000000700000000, 0x0000000780000000, 0x00000007aaa80000)
  object space 2097152K, 69% used [0x0000000700000000,0x0000000759275468,0x0000000780000000)
 PSPermGen       total 179200K, used 105069K [0x00000006f0000000, 0x00000006faf00000, 0x0000000700000000)
  object space 179200K, 58% used [0x00000006f0000000,0x00000006f669b4d0,0x00000006faf00000)
}
Event: 3719.721 GC heap before
{Heap before GC invocations=429 (full 4):
 PSYoungGen      total 1041920K, used 1041920K [0x00000007aaa80000, 0x00000007eaa80000, 0x0000000800000000)
  eden space 1037312K, 100% used [0x00000007aaa80000,0x00000007e9f80000,0x00000007e9f80000)
  from space 4608K, 100% used [0x00000007ea600000,0x00000007eaa80000,0x00000007eaa80000)
  to   space 5632K, 0% used [0x00000007e9f80000,0x00000007e9f80000,0x00000007ea500000)
 ParOldGen       total 2097152K, used 1460693K [0x0000000700000000, 0x0000000780000000, 0x00000007aaa80000)
  object space 2097152K, 69% used [0x0000000700000000,0x0000000759275468,0x0000000780000000)
 PSPermGen       total 179200K, used 105069K [0x00000006f0000000, 0x00000006faf00000, 0x0000000700000000)
  object space 179200K, 58% used [0x00000006f0000000,0x00000006f669b4d0,0x00000006faf00000)
Event: 3719.738 GC heap after
Heap after GC invocations=429 (full 4):
 PSYoungGen      total 1042944K, used 2592K [0x00000007aaa80000, 0x00000007eaa80000, 0x0000000800000000)
  eden space 1037312K, 0% used [0x00000007aaa80000,0x00000007aaa80000,0x00000007e9f80000)
  from space 5632K, 46% used [0x00000007e9f80000,0x00000007ea208000,0x00000007ea500000)
  to   space 5632K, 0% used [0x00000007ea500000,0x00000007ea500000,0x00000007eaa80000)
 ParOldGen       total 2097152K, used 1463744K [0x0000000700000000, 0x0000000780000000, 0x00000007aaa80000)
  object space 2097152K, 69% used [0x0000000700000000,0x0000000759570188,0x0000000780000000)
 PSPermGen       total 179200K, used 105069K [0x00000006f0000000, 0x00000006faf00000, 0x0000000700000000)
  object space 179200K, 58% used [0x00000006f0000000,0x00000006f669b4d0,0x00000006faf00000)
}

