# JRE version: Java(TM) SE Runtime Environment (7.0_55-b13) (build 1.7.0_55-b13)
# Java VM: Java HotSpot(TM) 64-Bit Server VM (24.55-b03 mixed mode windows-amd64 compressed oops)
Heap
 PSYoungGen      total 1072128K, used 559821K [0x00000007aaa80000, 0x00000007f1100000, 0x0000000800000000)
  eden space 1069568K, 52% used [0x00000007aaa80000,0x00000007ccb13590,0x00000007ebf00000)
  from space 2560K, 85% used [0x00000007ef100000,0x00000007ef320000,0x00000007ef380000)
  to   space 16384K, 0% used [0x00000007f0100000,0x00000007f0100000,0x00000007f1100000)
 ParOldGen       total 2097152K, used 1044605K [0x0000000700000000, 0x0000000780000000, 0x00000007aaa80000)
  object space 2097152K, 49% used [0x0000000700000000,0x000000073fc1f730,0x0000000780000000)
 PSPermGen       total 156672K, used 100568K [0x00000006f0000000, 0x00000006f9900000, 0x0000000700000000)
  object space 156672K, 64% used [0x00000006f0000000,0x00000006f6236090,0x00000006f9900000)
GC Heap History (10 events):
Event: 1877.892 GC heap before
{Heap before GC invocations=219 (full 8):
 PSYoungGen      total 1101312K, used 1100992K [0x00000007aaa80000, 0x00000007f3800000, 0x0000000800000000)
  eden space 1098752K, 100% used [0x00000007aaa80000,0x00000007edb80000,0x00000007edb80000)
  from space 2560K, 87% used [0x00000007f3580000,0x00000007f37b0000,0x00000007f3800000)
  to   space 21504K, 0% used [0x00000007f0e00000,0x00000007f0e00000,0x00000007f2300000)
 ParOldGen       total 2097152K, used 1034670K [0x0000000700000000, 0x0000000780000000, 0x00000007aaa80000)
  object space 2097152K, 49% used [0x0000000700000000,0x000000073f26b800,0x0000000780000000)
 PSPermGen       total 156672K, used 100567K [0x00000006f0000000, 0x00000006f9900000, 0x0000000700000000)
  object space 156672K, 64% used [0x00000006f0000000,0x00000006f6235f30,0x00000006f9900000)
Event: 1877.914 GC heap after
Heap after GC invocations=219 (full 8):
 PSYoungGen      total 1069568K, used 2176K [0x00000007aaa80000, 0x00000007f3600000, 0x0000000800000000)
  eden space 1067008K, 0% used [0x00000007aaa80000,0x00000007aaa80000,0x00000007ebc80000)
  from space 2560K, 85% used [0x00000007f0e00000,0x00000007f1020000,0x00000007f1080000)
  to   space 20480K, 0% used [0x00000007f2200000,0x00000007f2200000,0x00000007f3600000)
 ParOldGen       total 2097152K, used 1036715K [0x0000000700000000, 0x0000000780000000, 0x00000007aaa80000)
  object space 2097152K, 49% used [0x0000000700000000,0x000000073f46ad10,0x0000000780000000)
 PSPermGen       total 156672K, used 100567K [0x00000006f0000000, 0x00000006f9900000, 0x0000000700000000)
  object space 156672K, 64% used [0x00000006f0000000,0x00000006f6235f30,0x00000006f9900000)
}
Event: 1897.048 GC heap before
{Heap before GC invocations=220 (full 8):
 PSYoungGen      total 1069568K, used 1069184K [0x00000007aaa80000, 0x00000007f3600000, 0x0000000800000000)
  eden space 1067008K, 100% used [0x00000007aaa80000,0x00000007ebc80000,0x00000007ebc80000)
  from space 2560K, 85% used [0x00000007f0e00000,0x00000007f1020000,0x00000007f1080000)
  to   space 20480K, 0% used [0x00000007f2200000,0x00000007f2200000,0x00000007f3600000)
 ParOldGen       total 2097152K, used 1036715K [0x0000000700000000, 0x0000000780000000, 0x00000007aaa80000)
  object space 2097152K, 49% used [0x0000000700000000,0x000000073f46ad10,0x0000000780000000)
 PSPermGen       total 156672K, used 100567K [0x00000006f0000000, 0x00000006f9900000, 0x0000000700000000)
  object space 156672K, 64% used [0x00000006f0000000,0x00000006f6235f30,0x00000006f9900000)
Event: 1897.071 GC heap after
Heap after GC invocations=220 (full 8):
 PSYoungGen      total 1039360K, used 2112K [0x00000007aaa80000, 0x00000007f2480000, 0x0000000800000000)
  eden space 1036800K, 0% used [0x00000007aaa80000,0x00000007aaa80000,0x00000007e9f00000)
  from space 2560K, 82% used [0x00000007f2200000,0x00000007f2410000,0x00000007f2480000)
  to   space 19456K, 0% used [0x00000007efe80000,0x00000007efe80000,0x00000007f1180000)
 ParOldGen       total 2097152K, used 1038693K [0x0000000700000000, 0x0000000780000000, 0x00000007aaa80000)
  object space 2097152K, 49% used [0x0000000700000000,0x000000073f659730,0x0000000780000000)
 PSPermGen       total 156672K, used 100567K [0x00000006f0000000, 0x00000006f9900000, 0x0000000700000000)
  object space 156672K, 64% used [0x00000006f0000000,0x00000006f6235f30,0x00000006f9900000)
}
Event: 1916.038 GC heap before
{Heap before GC invocations=221 (full 8):
 PSYoungGen      total 1039360K, used 1038912K [0x00000007aaa80000, 0x00000007f2480000, 0x0000000800000000)
  eden space 1036800K, 100% used [0x00000007aaa80000,0x00000007e9f00000,0x00000007e9f00000)
  from space 2560K, 82% used [0x00000007f2200000,0x00000007f2410000,0x00000007f2480000)
  to   space 19456K, 0% used [0x00000007efe80000,0x00000007efe80000,0x00000007f1180000)
 ParOldGen       total 2097152K, used 1038693K [0x0000000700000000, 0x0000000780000000, 0x00000007aaa80000)
  object space 2097152K, 49% used [0x0000000700000000,0x000000073f659730,0x0000000780000000)
 PSPermGen       total 156672K, used 100567K [0x00000006f0000000, 0x00000006f9900000, 0x0000000700000000)
  object space 156672K, 64% used [0x00000006f0000000,0x00000006f6235f30,0x00000006f9900000)
Event: 1916.057 GC heap after
Heap after GC invocations=221 (full 8):
 PSYoungGen      total 1137152K, used 2112K [0x00000007aaa80000, 0x00000007f2280000, 0x0000000800000000)
  eden space 1134592K, 0% used [0x00000007aaa80000,0x00000007aaa80000,0x00000007efe80000)
  from space 2560K, 82% used [0x00000007efe80000,0x00000007f0090000,0x00000007f0100000)
  to   space 18432K, 0% used [0x00000007f1080000,0x00000007f1080000,0x00000007f2280000)
 ParOldGen       total 2097152K, used 1040653K [0x0000000700000000, 0x0000000780000000, 0x00000007aaa80000)
  object space 2097152K, 49% used [0x0000000700000000,0x000000073f843730,0x0000000780000000)
 PSPermGen       total 156672K, used 100567K [0x00000006f0000000, 0x00000006f9900000, 0x0000000700000000)
  object space 156672K, 64% used [0x00000006f0000000,0x00000006f6235f30,0x00000006f9900000)
}
Event: 1936.132 GC heap before
{Heap before GC invocations=222 (full 8):
 PSYoungGen      total 1137152K, used 1136704K [0x00000007aaa80000, 0x00000007f2280000, 0x0000000800000000)
  eden space 1134592K, 100% used [0x00000007aaa80000,0x00000007efe80000,0x00000007efe80000)
  from space 2560K, 82% used [0x00000007efe80000,0x00000007f0090000,0x00000007f0100000)
  to   space 18432K, 0% used [0x00000007f1080000,0x00000007f1080000,0x00000007f2280000)
 ParOldGen       total 2097152K, used 1040653K [0x0000000700000000, 0x0000000780000000, 0x00000007aaa80000)
  object space 2097152K, 49% used [0x0000000700000000,0x000000073f843730,0x0000000780000000)
 PSPermGen       total 156672K, used 100568K [0x00000006f0000000, 0x00000006f9900000, 0x0000000700000000)
  object space 156672K, 64% used [0x00000006f0000000,0x00000006f6236090,0x00000006f9900000)
Event: 1936.155 GC heap after
Heap after GC invocations=222 (full 8):
 PSYoungGen      total 1103872K, used 2288K [0x00000007aaa80000, 0x00000007f1300000, 0x0000000800000000)
  eden space 1101312K, 0% used [0x00000007aaa80000,0x00000007aaa80000,0x00000007ede00000)
  from space 2560K, 89% used [0x00000007f1080000,0x00000007f12bc010,0x00000007f1300000)
  to   space 17408K, 0% used [0x00000007ef100000,0x00000007ef100000,0x00000007f0200000)
 ParOldGen       total 2097152K, used 1042533K [0x0000000700000000, 0x0000000780000000, 0x00000007aaa80000)
  object space 2097152K, 49% used [0x0000000700000000,0x000000073fa19730,0x0000000780000000)
 PSPermGen       total 156672K, used 100568K [0x00000006f0000000, 0x00000006f9900000, 0x0000000700000000)
  object space 156672K, 64% used [0x00000006f0000000,0x00000006f6236090,0x00000006f9900000)
}
Event: 1956.143 GC heap before
{Heap before GC invocations=223 (full 8):
 PSYoungGen      total 1103872K, used 1103600K [0x00000007aaa80000, 0x00000007f1300000, 0x0000000800000000)
  eden space 1101312K, 100% used [0x00000007aaa80000,0x00000007ede00000,0x00000007ede00000)
  from space 2560K, 89% used [0x00000007f1080000,0x00000007f12bc010,0x00000007f1300000)
  to   space 17408K, 0% used [0x00000007ef100000,0x00000007ef100000,0x00000007f0200000)
 ParOldGen       total 2097152K, used 1042533K [0x0000000700000000, 0x0000000780000000, 0x00000007aaa80000)
  object space 2097152K, 49% used [0x0000000700000000,0x000000073fa19730,0x0000000780000000)
 PSPermGen       total 156672K, used 100568K [0x00000006f0000000, 0x00000006f9900000, 0x0000000700000000)
  object space 156672K, 64% used [0x00000006f0000000,0x00000006f6236090,0x00000006f9900000)
Event: 1956.167 GC heap after
Heap after GC invocations=223 (full 8):
 PSYoungGen      total 1072128K, used 2176K [0x00000007aaa80000, 0x00000007f1100000, 0x0000000800000000)
  eden space 1069568K, 0% used [0x00000007aaa80000,0x00000007aaa80000,0x00000007ebf00000)
  from space 2560K, 85% used [0x00000007ef100000,0x00000007ef320000,0x00000007ef380000)
  to   space 16384K, 0% used [0x00000007f0100000,0x00000007f0100000,0x00000007f1100000)
 ParOldGen       total 2097152K, used 1044605K [0x0000000700000000, 0x0000000780000000, 0x00000007aaa80000)
  object space 2097152K, 49% used [0x0000000700000000,0x000000073fc1f730,0x0000000780000000)
 PSPermGen       total 156672K, used 100568K [0x00000006f0000000, 0x00000006f9900000, 0x0000000700000000)
  object space 156672K, 64% used [0x00000006f0000000,0x00000006f6236090,0x00000006f9900000)
}

