# JRE version: Java(TM) SE Runtime Environment (7.0_55-b13) (build 1.7.0_55-b13)
# Java VM: Java HotSpot(TM) 64-Bit Server VM (24.55-b03 mixed mode windows-amd64 compressed oops)
Heap
 PSYoungGen      total 1069568K, used 566831K [0x00000007aaa80000, 0x00000007ec880000, 0x0000000800000000)
  eden space 1067008K, 52% used [0x00000007aaa80000,0x00000007cd1d3f68,0x00000007ebc80000)
  from space 2560K, 88% used [0x00000007ebc80000,0x00000007ebeb8000,0x00000007ebf00000)
  to   space 6656K, 0% used [0x00000007ec200000,0x00000007ec200000,0x00000007ec880000)
 ParOldGen       total 2097152K, used 702896K [0x0000000700000000, 0x0000000780000000, 0x00000007aaa80000)
  object space 2097152K, 33% used [0x0000000700000000,0x000000072ae6c200,0x0000000780000000)
 PSPermGen       total 175104K, used 98968K [0x00000006f0000000, 0x00000006fab00000, 0x0000000700000000)
  object space 175104K, 56% used [0x00000006f0000000,0x00000006f60a6098,0x00000006fab00000)
GC Heap History (10 events):
Event: 772.231 GC heap before
{Heap before GC invocations=101 (full 4):
 PSYoungGen      total 1058816K, used 1058720K [0x00000007aaa80000, 0x00000007ed800000, 0x0000000800000000)
  eden space 1056256K, 100% used [0x00000007aaa80000,0x00000007eb200000,0x00000007eb200000)
  from space 2560K, 96% used [0x00000007ed580000,0x00000007ed7e8000,0x00000007ed800000)
  to   space 7680K, 0% used [0x00000007ec900000,0x00000007ec900000,0x00000007ed080000)
 ParOldGen       total 2097152K, used 694424K [0x0000000700000000, 0x0000000780000000, 0x00000007aaa80000)
  object space 2097152K, 33% used [0x0000000700000000,0x000000072a626200,0x0000000780000000)
 PSPermGen       total 175104K, used 98957K [0x00000006f0000000, 0x00000006fab00000, 0x0000000700000000)
  object space 175104K, 56% used [0x00000006f0000000,0x00000006f60a3648,0x00000006fab00000)
Event: 772.249 GC heap after
Heap after GC invocations=101 (full 4):
 PSYoungGen      total 1082368K, used 2176K [0x00000007aaa80000, 0x00000007ed600000, 0x0000000800000000)
  eden space 1079808K, 0% used [0x00000007aaa80000,0x00000007aaa80000,0x00000007ec900000)
  from space 2560K, 85% used [0x00000007ec900000,0x00000007ecb20000,0x00000007ecb80000)
  to   space 7680K, 0% used [0x00000007ece80000,0x00000007ece80000,0x00000007ed600000)
 ParOldGen       total 2097152K, used 696128K [0x0000000700000000, 0x0000000780000000, 0x00000007aaa80000)
  object space 2097152K, 33% used [0x0000000700000000,0x000000072a7d0200,0x0000000780000000)
 PSPermGen       total 175104K, used 98957K [0x00000006f0000000, 0x00000006fab00000, 0x0000000700000000)
  object space 175104K, 56% used [0x00000006f0000000,0x00000006f60a3648,0x00000006fab00000)
}
Event: 780.590 GC heap before
{Heap before GC invocations=102 (full 4):
 PSYoungGen      total 1082368K, used 1081984K [0x00000007aaa80000, 0x00000007ed600000, 0x0000000800000000)
  eden space 1079808K, 100% used [0x00000007aaa80000,0x00000007ec900000,0x00000007ec900000)
  from space 2560K, 85% used [0x00000007ec900000,0x00000007ecb20000,0x00000007ecb80000)
  to   space 7680K, 0% used [0x00000007ece80000,0x00000007ece80000,0x00000007ed600000)
 ParOldGen       total 2097152K, used 696128K [0x0000000700000000, 0x0000000780000000, 0x00000007aaa80000)
  object space 2097152K, 33% used [0x0000000700000000,0x000000072a7d0200,0x0000000780000000)
 PSPermGen       total 175104K, used 98957K [0x00000006f0000000, 0x00000006fab00000, 0x0000000700000000)
  object space 175104K, 56% used [0x00000006f0000000,0x00000006f60a3648,0x00000006fab00000)
Event: 780.612 GC heap after
Heap after GC invocations=102 (full 4):
 PSYoungGen      total 1051136K, used 2368K [0x00000007aaa80000, 0x00000007ed100000, 0x0000000800000000)
  eden space 1048576K, 0% used [0x00000007aaa80000,0x00000007aaa80000,0x00000007eaa80000)
  from space 2560K, 92% used [0x00000007ece80000,0x00000007ed0d0000,0x00000007ed100000)
  to   space 7168K, 0% used [0x00000007ec300000,0x00000007ec300000,0x00000007eca00000)
 ParOldGen       total 2097152K, used 697712K [0x0000000700000000, 0x0000000780000000, 0x00000007aaa80000)
  object space 2097152K, 33% used [0x0000000700000000,0x000000072a95c200,0x0000000780000000)
 PSPermGen       total 175104K, used 98957K [0x00000006f0000000, 0x00000006fab00000, 0x0000000700000000)
  object space 175104K, 56% used [0x00000006f0000000,0x00000006f60a3648,0x00000006fab00000)
}
Event: 788.682 GC heap before
{Heap before GC invocations=103 (full 4):
 PSYoungGen      total 1051136K, used 1050944K [0x00000007aaa80000, 0x00000007ed100000, 0x0000000800000000)
  eden space 1048576K, 100% used [0x00000007aaa80000,0x00000007eaa80000,0x00000007eaa80000)
  from space 2560K, 92% used [0x00000007ece80000,0x00000007ed0d0000,0x00000007ed100000)
  to   space 7168K, 0% used [0x00000007ec300000,0x00000007ec300000,0x00000007eca00000)
 ParOldGen       total 2097152K, used 697712K [0x0000000700000000, 0x0000000780000000, 0x00000007aaa80000)
  object space 2097152K, 33% used [0x0000000700000000,0x000000072a95c200,0x0000000780000000)
 PSPermGen       total 175104K, used 98957K [0x00000006f0000000, 0x00000006fab00000, 0x0000000700000000)
  object space 175104K, 56% used [0x00000006f0000000,0x00000006f60a3768,0x00000006fab00000)
Event: 788.708 GC heap after
Heap after GC invocations=103 (full 4):
 PSYoungGen      total 1076224K, used 2432K [0x00000007aaa80000, 0x00000007ecf00000, 0x0000000800000000)
  eden space 1073664K, 0% used [0x00000007aaa80000,0x00000007aaa80000,0x00000007ec300000)
  from space 2560K, 95% used [0x00000007ec300000,0x00000007ec560000,0x00000007ec580000)
  to   space 7168K, 0% used [0x00000007ec800000,0x00000007ec800000,0x00000007ecf00000)
 ParOldGen       total 2097152K, used 699464K [0x0000000700000000, 0x0000000780000000, 0x00000007aaa80000)
  object space 2097152K, 33% used [0x0000000700000000,0x000000072ab12200,0x0000000780000000)
 PSPermGen       total 175104K, used 98957K [0x00000006f0000000, 0x00000006fab00000, 0x0000000700000000)
  object space 175104K, 56% used [0x00000006f0000000,0x00000006f60a3768,0x00000006fab00000)
}
Event: 796.546 GC heap before
{Heap before GC invocations=104 (full 4):
 PSYoungGen      total 1076224K, used 1076096K [0x00000007aaa80000, 0x00000007ecf00000, 0x0000000800000000)
  eden space 1073664K, 100% used [0x00000007aaa80000,0x00000007ec300000,0x00000007ec300000)
  from space 2560K, 95% used [0x00000007ec300000,0x00000007ec560000,0x00000007ec580000)
  to   space 7168K, 0% used [0x00000007ec800000,0x00000007ec800000,0x00000007ecf00000)
 ParOldGen       total 2097152K, used 699464K [0x0000000700000000, 0x0000000780000000, 0x00000007aaa80000)
  object space 2097152K, 33% used [0x0000000700000000,0x000000072ab12200,0x0000000780000000)
 PSPermGen       total 175104K, used 98967K [0x00000006f0000000, 0x00000006fab00000, 0x0000000700000000)
  object space 175104K, 56% used [0x00000006f0000000,0x00000006f60a5fa8,0x00000006fab00000)
Event: 796.573 GC heap after
Heap after GC invocations=104 (full 4):
 PSYoungGen      total 1045504K, used 2304K [0x00000007aaa80000, 0x00000007eca80000, 0x0000000800000000)
  eden space 1042944K, 0% used [0x00000007aaa80000,0x00000007aaa80000,0x00000007ea500000)
  from space 2560K, 90% used [0x00000007ec800000,0x00000007eca40000,0x00000007eca80000)
  to   space 7168K, 0% used [0x00000007ebc80000,0x00000007ebc80000,0x00000007ec380000)
 ParOldGen       total 2097152K, used 701160K [0x0000000700000000, 0x0000000780000000, 0x00000007aaa80000)
  object space 2097152K, 33% used [0x0000000700000000,0x000000072acba200,0x0000000780000000)
 PSPermGen       total 175104K, used 98967K [0x00000006f0000000, 0x00000006fab00000, 0x0000000700000000)
  object space 175104K, 56% used [0x00000006f0000000,0x00000006f60a5fa8,0x00000006fab00000)
}
Event: 804.526 GC heap before
{Heap before GC invocations=105 (full 4):
 PSYoungGen      total 1045504K, used 1045248K [0x00000007aaa80000, 0x00000007eca80000, 0x0000000800000000)
  eden space 1042944K, 100% used [0x00000007aaa80000,0x00000007ea500000,0x00000007ea500000)
  from space 2560K, 90% used [0x00000007ec800000,0x00000007eca40000,0x00000007eca80000)
  to   space 7168K, 0% used [0x00000007ebc80000,0x00000007ebc80000,0x00000007ec380000)
 ParOldGen       total 2097152K, used 701160K [0x0000000700000000, 0x0000000780000000, 0x00000007aaa80000)
  object space 2097152K, 33% used [0x0000000700000000,0x000000072acba200,0x0000000780000000)
 PSPermGen       total 175104K, used 98967K [0x00000006f0000000, 0x00000006fab00000, 0x0000000700000000)
  object space 175104K, 56% used [0x00000006f0000000,0x00000006f60a5fa8,0x00000006fab00000)
Event: 804.545 GC heap after
Heap after GC invocations=105 (full 4):
 PSYoungGen      total 1069568K, used 2272K [0x00000007aaa80000, 0x00000007ec880000, 0x0000000800000000)
  eden space 1067008K, 0% used [0x00000007aaa80000,0x00000007aaa80000,0x00000007ebc80000)
  from space 2560K, 88% used [0x00000007ebc80000,0x00000007ebeb8000,0x00000007ebf00000)
  to   space 6656K, 0% used [0x00000007ec200000,0x00000007ec200000,0x00000007ec880000)
 ParOldGen       total 2097152K, used 702896K [0x0000000700000000, 0x0000000780000000, 0x00000007aaa80000)
  object space 2097152K, 33% used [0x0000000700000000,0x000000072ae6c200,0x0000000780000000)
 PSPermGen       total 175104K, used 98967K [0x00000006f0000000, 0x00000006fab00000, 0x0000000700000000)
  object space 175104K, 56% used [0x00000006f0000000,0x00000006f60a5fa8,0x00000006fab00000)
}

